#At time x process y state arr w total z remain y wait k
At time 1 process 4 started arr 1 remain 6
 At time 2 process 4 stopped arr 1 remain 5
 At time 2 process 3 started arr 2 remain 3
 Process file say hello Rem 0 Current 5
At time 5 process 3 finished arr 2 remain 3 terminate
 At time 5 process 4 started arr 1 remain 5
 Process file say hello Rem 0 Current 11
At time 11 process 4 finished arr 1 remain 5 terminate
 At time 11 process 2 started arr 1 remain 9
 Process file say hello Rem 0 Current 20
At time 20 process 2 finished arr 1 remain 9 terminate
 At time 20 process 5 started arr 1 remain 12
 Process file say hello Rem 0 Current 32
At time 32 process 5 finished arr 1 remain 12 terminate
 At time 32 process 1 started arr 1 remain 15
 Process file say hello Rem 0 Current 47
At time 47 process 1 finished arr 1 remain 15 terminate
 #At time x process y state arr w total z remain y wait k
At time 1 process 4 started arr 1 remain 6
 At time 3 process 4 stopped arr 1 remain 4
 At time 3 process 3 started arr 3 remain 3
 Process file say hello Rem 0 Current 6
At time 6 process 3 finished arr 3 remain 3 terminate
 At time 6 process 4 started arr 1 remain 4
 Process file say hello Rem 0 Current 10
At time 10 process 4 finished arr 1 remain 4 terminate
 At time 10 process 2 started arr 1 remain 9
 Process file say hello Rem 0 Current 19
At time 19 process 2 finished arr 1 remain 9 terminate
 At time 19 process 5 started arr 1 remain 12
 Process file say hello Rem 0 Current 31
At time 31 process 5 finished arr 1 remain 12 terminate
 At time 31 process 1 started arr 1 remain 15
 Process file say hello Rem 0 Current 46
At time 46 process 1 finished arr 1 remain 15 terminate
 